<?xml version="1.0" encoding="UTF-8"?>
<!-- Generated by org.testng.reporters.JUnitReportReporter -->
<testsuite hostname="MacBook-Pro.local" failures="0" tests="2" name="testClasses.AboutPageTest" time="17.566" errors="0" timestamp="2025-05-06T21:46:27 IST" skipped="0">
  <testcase classname="testClasses.AboutPageTest" name="verifyTheCorrectPageIsLoaded" time="8.820"/>
  <testcase classname="testClasses.AboutPageTest" name="verifyTheCorrectPageIsLoaded" time="8.746"/>
</testsuite> <!-- testClasses.AboutPageTest -->
